<?xml version="1.0" encoding="UTF-8"?>
<!-- Generated by org.testng.reporters.JUnitReportReporter -->
<testsuite hostname="2nds-MacBook-Pro.local" failures="0" tests="1" name="salenium.Exercise2" time="8.036" errors="0" timestamp="29 Sep 2018 15:20:08 GMT" skipped="0">
  <testcase classname="salenium.Exercise2" name="checkSignIn" time="8.036"/>
</testsuite> <!-- salenium.Exercise2 -->
