<?xml version="1.0" encoding="UTF-8"?>
<!-- Generated by org.testng.reporters.JUnitReportReporter -->
<testsuite hostname="2nds-MacBook-Pro.local" failures="0" tests="3" name="salenium.WebDriverDemo" time="10.030" errors="0" timestamp="29 Sep 2018 13:14:10 GMT" skipped="0">
  <testcase classname="salenium.WebDriverDemo" name="demoTest" time="3.744"/>
  <testcase classname="salenium.WebDriverDemo" name="demoTest" time="3.114"/>
  <testcase classname="salenium.WebDriverDemo" name="demoTest" time="3.172"/>
</testsuite> <!-- salenium.WebDriverDemo -->
