<?xml version="1.0" encoding="UTF-8"?>
<!-- Generated by org.testng.reporters.JUnitReportReporter -->
<testsuite hostname="2nds-MacBook-Pro.local" failures="0" tests="7" name="salenium.Exercize" time="0.014" errors="0" timestamp="29 Sep 2018 14:13:15 GMT" skipped="0">
  <testcase classname="salenium.Exercize" name="negativeTest" time="0.001"/>
  <testcase classname="salenium.Exercize" name="positiveTest" time="0.001"/>
  <testcase classname="salenium.Exercize" name="negativeTest" time="0.001"/>
  <testcase classname="salenium.Exercize" name="positiveTest" time="0.001"/>
  <testcase classname="salenium.Exercize" name="negativeTest" time="0.008"/>
  <testcase classname="salenium.Exercize" name="negativeTest" time="0.001"/>
  <testcase classname="salenium.Exercize" name="negativeTest" time="0.001"/>
</testsuite> <!-- salenium.Exercize -->
